
demande d'intégration dans la branche 'default' du dépôt 'src'
vérification des mises à jour pour le dépôt 'devtools'
vérification des mises à jour pour le dépôt 'src'


récupère les changements entre les révisions '0bbec1bb1c052dbf' et '4502:e1a4203a87096248'
96 fichiers ajoutés, 5 fichiers modifiés, 1 fichiers supprimés


checking descriptions between revisions '0bbec1bb1c052dbf' and '4502:e1a4203a87096248'


récupère les fiches résolues entre '0bbec1bb1c052dbf' et '4502:e1a4203a87096248'
l'état de la fiche #24216, résolue par kudawoo, est valide_EDA


construction des binaires en utilisant waf
exécution de la commande waf: /home/B87457/dev/codeaster/src/waf install 
waf terminé avec succès

vérification de l'installation dans /home/B87457/dev/codeaster/install/std
installation ok

vérification des fichiers modifiés
vérification de  101 fichiers de type 'test'
ajout de la vérification des noms de fichiers des cas-tests
vérification de    1 fichiers de type 'None'
submit.log
ajout de la vérification des messages d'erreurs

vérification des différences des fichiers
vérification des différences de    5 fichiers de type 'test'

rapport d'audit pour intégration dans le dépôt 'src' pour 'ayaovi-dzifa.kudawoo':
astest/cente01a.comm:I8801: Person in charge: aurore.parrot at edf.fr
astest/cente01a.comm:W2005: Unrecommended keyword in a command file at 454,19: TOLE_MACHINE
astest/cente01a.comm:W2005: Unrecommended keyword in a command file at 460,12: TOLE_MACHINE
astest/cente01a.comm:W2012: Invalid value assigned to a keyword in a command file: NIV_PUB_WEB='INTRANET'
astest/sdlv128a.comm:W2005: Unrecommended keyword in a command file at 461,12: TOLE_MACHINE
astest/sdlv128a.comm:W2005: Unrecommended keyword in a command file at 470,12: TOLE_MACHINE
astest/sdlv128a.comm:W2005: Unrecommended keyword in a command file at 479,12: TOLE_MACHINE
astest/sdlv128a.comm:W2005: Unrecommended keyword in a command file at 488,12: TOLE_MACHINE
astest/ssna117a.comm:W2005: Unrecommended keyword in a command file at 105,37: TOLE_MACHINE
astest/ssna117a.comm:W2005: Unrecommended keyword in a command file at 118,52: TOLE_MACHINE
astest/ssna117a.comm:W2005: Unrecommended keyword in a command file at 131,36: TOLE_MACHINE
astest/ssna117a.comm:W2005: Unrecommended keyword in a command file at 143,36: TOLE_MACHINE
astest/ssna117a.comm:W2005: Unrecommended keyword in a command file at 155,52: TOLE_MACHINE
astest/ssna117a.comm:W2005: Unrecommended keyword in a command file at 168,37: TOLE_MACHINE
astest/ssna117a.comm:W2012: Invalid value assigned to a keyword in a command file: NIV_PUB_WEB='INTRANET'
astest/ssna117b.comm:W2012: Invalid value assigned to a keyword in a command file: NIV_PUB_WEB='INTRANET'
astest/ssna117c.comm:W2012: Invalid value assigned to a keyword in a command file: NIV_PUB_WEB='INTRANET'
astest/ssnl121b.comm:I8801: Person in charge: philippe.debonnieres at edf.fr
astest/ssnl121b.comm:W2012: Invalid value assigned to a keyword in a command file: NIV_PUB_WEB='INTRANET'
astest/ssnl121c.comm:I8801: Person in charge: philippe.debonnieres at edf.fr
astest/ssnl121c.comm:W2005: Unrecommended keyword in a command file at 361,20: TOLE_MACHINE
astest/ssnl121c.comm:W2005: Unrecommended keyword in a command file at 370,20: TOLE_MACHINE
astest/ssnl121c.comm:W2005: Unrecommended keyword in a command file at 379,20: TOLE_MACHINE
astest/ssnl121c.comm:W2012: Invalid value assigned to a keyword in a command file: NIV_PUB_WEB='INTRANET'
astest/ssnl128a.comm:W2012: Invalid value assigned to a keyword in a command file: NIV_PUB_WEB='INTRANET'
astest/ssnl128b.comm:W2012: Invalid value assigned to a keyword in a command file: NIV_PUB_WEB='INTRANET'
astest/ssnl128c.comm:W2005: Unrecommended keyword in a command file at 386,20: TOLE_MACHINE
astest/ssnl128c.comm:W2005: Unrecommended keyword in a command file at 395,20: TOLE_MACHINE
astest/ssnl128c.comm:W2005: Unrecommended keyword in a command file at 404,20: TOLE_MACHINE
astest/ssnl128d.comm:W2012: Invalid value assigned to a keyword in a command file: NIV_PUB_WEB='INTRANET'
astest/ssnl131a.comm:W2012: Invalid value assigned to a keyword in a command file: NIV_PUB_WEB='INTRANET'
astest/ssnl131b.comm:W2005: Unrecommended keyword in a command file at 152,20: TOLE_MACHINE
astest/ssnl131b.comm:W2005: Unrecommended keyword in a command file at 160,20: TOLE_MACHINE
astest/ssnl131b.comm:W2005: Unrecommended keyword in a command file at 168,20: TOLE_MACHINE
astest/ssnl131b.comm:W2005: Unrecommended keyword in a command file at 176,20: TOLE_MACHINE
astest/ssnl131b.comm:W2005: Unrecommended keyword in a command file at 184,20: TOLE_MACHINE
astest/ssnl131b.comm:W2005: Unrecommended keyword in a command file at 192,20: TOLE_MACHINE
astest/ssnl131b.comm:W2012: Invalid value assigned to a keyword in a command file: NIV_PUB_WEB='INTRANET'
astest/ssnl131c.comm:W2005: Unrecommended keyword in a command file at 237,20: TOLE_MACHINE
astest/ssnl131c.comm:W2005: Unrecommended keyword in a command file at 245,20: TOLE_MACHINE
astest/ssnl131c.comm:W2005: Unrecommended keyword in a command file at 253,20: TOLE_MACHINE
astest/ssnl131c.comm:W2005: Unrecommended keyword in a command file at 261,20: TOLE_MACHINE
astest/ssnl131c.comm:W2005: Unrecommended keyword in a command file at 269,20: TOLE_MACHINE
astest/ssnl131c.comm:W2005: Unrecommended keyword in a command file at 277,20: TOLE_MACHINE
astest/ssnl131c.comm:W2005: Unrecommended keyword in a command file at 285,20: TOLE_MACHINE
astest/ssnl131c.comm:W2005: Unrecommended keyword in a command file at 293,20: TOLE_MACHINE
astest/ssnl131c.comm:W2012: Invalid value assigned to a keyword in a command file: NIV_PUB_WEB='INTRANET'
astest/ssnl131d.comm:W2005: Unrecommended keyword in a command file at 248,20: TOLE_MACHINE
astest/ssnl131d.comm:W2005: Unrecommended keyword in a command file at 256,20: TOLE_MACHINE
astest/ssnl131d.comm:W2005: Unrecommended keyword in a command file at 264,20: TOLE_MACHINE
astest/ssnl131d.comm:W2005: Unrecommended keyword in a command file at 272,20: TOLE_MACHINE
astest/ssnl131d.comm:W2005: Unrecommended keyword in a command file at 280,20: TOLE_MACHINE
astest/ssnl131d.comm:W2005: Unrecommended keyword in a command file at 288,20: TOLE_MACHINE
astest/ssnl131d.comm:W2012: Invalid value assigned to a keyword in a command file: NIV_PUB_WEB='INTRANET'
astest/ssnp132a.comm:W2005: Unrecommended keyword in a command file at 126,19: TOLE_MACHINE
astest/ssnp132a.comm:W2005: Unrecommended keyword in a command file at 142,19: TOLE_MACHINE
astest/ssnp132a.comm:W2005: Unrecommended keyword in a command file at 157,19: TOLE_MACHINE
astest/ssnp132a.comm:W2005: Unrecommended keyword in a command file at 172,19: TOLE_MACHINE
astest/ssnp132a.comm:W2005: Unrecommended keyword in a command file at 188,19: TOLE_MACHINE
astest/ssnp132a.comm:W2005: Unrecommended keyword in a command file at 204,19: TOLE_MACHINE
astest/ssnp132a.comm:W2005: Unrecommended keyword in a command file at 220,19: TOLE_MACHINE
astest/ssnp132a.comm:W2005: Unrecommended keyword in a command file at 236,19: TOLE_MACHINE
astest/ssnp132a.comm:W2005: Unrecommended keyword in a command file at 253,19: TOLE_MACHINE
astest/ssnp132a.comm:W2005: Unrecommended keyword in a command file at 271,19: TOLE_MACHINE
astest/ssnp132a.comm:W2005: Unrecommended keyword in a command file at 287,19: TOLE_MACHINE
astest/ssnp132a.comm:W2005: Unrecommended keyword in a command file at 302,19: TOLE_MACHINE
astest/ssnp132a.comm:W2005: Unrecommended keyword in a command file at 318,19: TOLE_MACHINE
astest/ssnp132a.comm:W2012: Invalid value assigned to a keyword in a command file: NIV_PUB_WEB='INTRANET'
astest/ssnv113a.comm:I8801: Person in charge: mickael.abbas at edf.fr
astest/ssnv113a.comm:W2005: Unrecommended keyword in a command file at 127,20: TOLE_MACHINE
astest/ssnv113a.comm:W2012: Invalid value assigned to a keyword in a command file: NIV_PUB_WEB='INTRANET'
astest/ssnv190a.comm:W2005: Unrecommended keyword in a command file at 165,16: TOLE_MACHINE
astest/ssnv190a.comm:W2005: Unrecommended keyword in a command file at 197,16: TOLE_MACHINE
astest/ssnv190a.comm:W2012: Invalid value assigned to a keyword in a command file: NIV_PUB_WEB='INTRANET'
astest/ssnv190b.comm:I8801: Person in charge: jean-luc.flejou at edf.fr
astest/ssnv190b.comm:W2005: Unrecommended keyword in a command file at 217,16: TOLE_MACHINE
astest/ssnv190b.comm:W2005: Unrecommended keyword in a command file at 334,16: TOLE_MACHINE
astest/ssnv190b.comm:W2012: Invalid value assigned to a keyword in a command file: NIV_PUB_WEB='INTRANET'
astest/ssnv212a.comm:W2012: Invalid value assigned to a keyword in a command file: NIV_PUB_WEB='INTRANET'
astest/ssnv213a.comm:W2012: Invalid value assigned to a keyword in a command file: NIV_PUB_WEB='INTRANET'
astest/ssnv214a.comm:W2005: Unrecommended keyword in a command file at 197,20: TOLE_MACHINE
astest/ssnv214a.comm:W2012: Invalid value assigned to a keyword in a command file: NIV_PUB_WEB='INTRANET'
astest/ssnv215a.comm:W2005: Unrecommended keyword in a command file at 193,20: TOLE_MACHINE
astest/ssnv215a.comm:W2005: Unrecommended keyword in a command file at 202,20: TOLE_MACHINE
astest/ssnv215a.comm:W2005: Unrecommended keyword in a command file at 219,20: TOLE_MACHINE
astest/ssnv215a.comm:W2005: Unrecommended keyword in a command file at 228,20: TOLE_MACHINE
astest/ssnv215a.comm:W2005: Unrecommended keyword in a command file at 245,20: TOLE_MACHINE
astest/ssnv215a.comm:W2005: Unrecommended keyword in a command file at 254,20: TOLE_MACHINE
astest/ssnv215a.comm:W2005: Unrecommended keyword in a command file at 263,20: TOLE_MACHINE
astest/ssnv215a.comm:W2005: Unrecommended keyword in a command file at 272,20: TOLE_MACHINE
astest/ssnv215a.comm:W2005: Unrecommended keyword in a command file at 281,20: TOLE_MACHINE
astest/ssnv215a.comm:W2005: Unrecommended keyword in a command file at 290,20: TOLE_MACHINE
astest/ssnv215a.comm:W2005: Unrecommended keyword in a command file at 299,20: TOLE_MACHINE
astest/ssnv215a.comm:W2005: Unrecommended keyword in a command file at 308,20: TOLE_MACHINE
astest/ssnv215a.comm:W2005: Unrecommended keyword in a command file at 317,20: TOLE_MACHINE
astest/ssnv215a.comm:W2005: Unrecommended keyword in a command file at 326,20: TOLE_MACHINE
astest/ssnv215a.comm:W2005: Unrecommended keyword in a command file at 335,20: TOLE_MACHINE
astest/ssnv215a.comm:W2005: Unrecommended keyword in a command file at 344,20: TOLE_MACHINE
astest/ssnv215a.comm:W2005: Unrecommended keyword in a command file at 353,20: TOLE_MACHINE
astest/ssnv215a.comm:W2005: Unrecommended keyword in a command file at 362,20: TOLE_MACHINE
astest/ssnv215a.comm:W2005: Unrecommended keyword in a command file at 371,20: TOLE_MACHINE
astest/ssnv215a.comm:W2012: Invalid value assigned to a keyword in a command file: NIV_PUB_WEB='INTRANET'
astest/ssnv216a.comm:W2012: Invalid value assigned to a keyword in a command file: NIV_PUB_WEB='INTRANET'
astest/zzzz118a.comm:W2012: Invalid value assigned to a keyword in a command file: NIV_PUB_WEB='INTRANET'
astest/zzzz118b.comm:W2012: Invalid value assigned to a keyword in a command file: NIV_PUB_WEB='INTRANET'
astest/zzzz118c.com1:W2005: Unrecommended keyword in a command file at 322,20: TOLE_MACHINE
astest/zzzz118c.com1:W2005: Unrecommended keyword in a command file at 330,20: TOLE_MACHINE
astest/zzzz118c.com1:W2005: Unrecommended keyword in a command file at 338,20: TOLE_MACHINE
astest/zzzz118c.com1:W2005: Unrecommended keyword in a command file at 346,20: TOLE_MACHINE
astest/zzzz118c.com1:W2005: Unrecommended keyword in a command file at 354,20: TOLE_MACHINE
astest/zzzz118c.com1:W2005: Unrecommended keyword in a command file at 362,20: TOLE_MACHINE
astest/zzzz118c.com1:W2005: Unrecommended keyword in a command file at 370,20: TOLE_MACHINE
astest/zzzz118c.com1:W2005: Unrecommended keyword in a command file at 378,20: TOLE_MACHINE
astest/zzzz118c.com1:W2005: Unrecommended keyword in a command file at 386,20: TOLE_MACHINE
astest/zzzz118c.com1:W2005: Unrecommended keyword in a command file at 394,20: TOLE_MACHINE
astest/zzzz118c.com1:W2005: Unrecommended keyword in a command file at 402,20: TOLE_MACHINE
astest/zzzz118c.com1:W2005: Unrecommended keyword in a command file at 410,20: TOLE_MACHINE
astest/zzzz118c.com1:W2005: Unrecommended keyword in a command file at 418,20: TOLE_MACHINE
astest/zzzz118c.com1:W2005: Unrecommended keyword in a command file at 426,20: TOLE_MACHINE
astest/zzzz118c.com1:W2005: Unrecommended keyword in a command file at 434,20: TOLE_MACHINE
astest/zzzz118c.com1:W2005: Unrecommended keyword in a command file at 442,20: TOLE_MACHINE
astest/zzzz118c.com1:W2005: Unrecommended keyword in a command file at 450,20: TOLE_MACHINE
astest/zzzz118c.com1:W2005: Unrecommended keyword in a command file at 458,20: TOLE_MACHINE
astest/zzzz118c.com1:W2005: Unrecommended keyword in a command file at 466,20: TOLE_MACHINE
astest/zzzz118c.com1:W2005: Unrecommended keyword in a command file at 474,20: TOLE_MACHINE
astest/zzzz118c.com1:W2005: Unrecommended keyword in a command file at 482,20: TOLE_MACHINE
astest/zzzz118c.com1:W2005: Unrecommended keyword in a command file at 490,20: TOLE_MACHINE
astest/zzzz118c.com1:W2005: Unrecommended keyword in a command file at 498,20: TOLE_MACHINE
astest/zzzz118c.com1:W2005: Unrecommended keyword in a command file at 506,20: TOLE_MACHINE
astest/zzzz118c.com1:W2005: Unrecommended keyword in a command file at 514,20: TOLE_MACHINE
astest/zzzz118c.com1:W2005: Unrecommended keyword in a command file at 522,20: TOLE_MACHINE
astest/zzzz118c.com1:W2005: Unrecommended keyword in a command file at 530,20: TOLE_MACHINE
astest/zzzz118c.com1:W2005: Unrecommended keyword in a command file at 538,20: TOLE_MACHINE
astest/zzzz118c.com1:W2005: Unrecommended keyword in a command file at 546,20: TOLE_MACHINE
astest/zzzz118c.com1:W2005: Unrecommended keyword in a command file at 554,20: TOLE_MACHINE
astest/zzzz118c.com1:W2005: Unrecommended keyword in a command file at 562,20: TOLE_MACHINE
astest/zzzz118c.com1:W2005: Unrecommended keyword in a command file at 570,20: TOLE_MACHINE
astest/zzzz118c.com1:W2005: Unrecommended keyword in a command file at 578,20: TOLE_MACHINE
astest/zzzz118c.com1:W2005: Unrecommended keyword in a command file at 586,20: TOLE_MACHINE
astest/zzzz118c.com1:W2005: Unrecommended keyword in a command file at 594,20: TOLE_MACHINE
astest/zzzz118c.com1:W2005: Unrecommended keyword in a command file at 602,20: TOLE_MACHINE
astest/zzzz118c.com1:W2005: Unrecommended keyword in a command file at 610,20: TOLE_MACHINE
astest/zzzz118c.com1:W2005: Unrecommended keyword in a command file at 618,20: TOLE_MACHINE
astest/zzzz118c.com1:W2005: Unrecommended keyword in a command file at 626,20: TOLE_MACHINE
astest/zzzz118c.com1:W2005: Unrecommended keyword in a command file at 634,20: TOLE_MACHINE
astest/zzzz118c.com1:W2005: Unrecommended keyword in a command file at 642,20: TOLE_MACHINE
astest/zzzz118c.com1:W2005: Unrecommended keyword in a command file at 650,20: TOLE_MACHINE
astest/zzzz118c.com1:W2005: Unrecommended keyword in a command file at 658,20: TOLE_MACHINE
astest/zzzz118c.com1:W2005: Unrecommended keyword in a command file at 666,20: TOLE_MACHINE
astest/zzzz118c.com1:W2005: Unrecommended keyword in a command file at 674,20: TOLE_MACHINE
astest/zzzz118c.com1:W2005: Unrecommended keyword in a command file at 682,20: TOLE_MACHINE
astest/zzzz118c.com1:W2005: Unrecommended keyword in a command file at 690,20: TOLE_MACHINE
astest/zzzz118c.com1:W2005: Unrecommended keyword in a command file at 698,20: TOLE_MACHINE
astest/zzzz118c.com1:W2005: Unrecommended keyword in a command file at 706,20: TOLE_MACHINE
astest/zzzz118c.com1:W2005: Unrecommended keyword in a command file at 714,20: TOLE_MACHINE
astest/zzzz118c.comm:W2012: Invalid value assigned to a keyword in a command file: NIV_PUB_WEB='INTRANET'
astest/zzzz118d.com1:W2005: Unrecommended keyword in a command file at 326,20: TOLE_MACHINE
astest/zzzz118d.com1:W2005: Unrecommended keyword in a command file at 334,20: TOLE_MACHINE
astest/zzzz118d.com1:W2005: Unrecommended keyword in a command file at 342,20: TOLE_MACHINE
astest/zzzz118d.com1:W2005: Unrecommended keyword in a command file at 350,20: TOLE_MACHINE
astest/zzzz118d.com1:W2005: Unrecommended keyword in a command file at 358,20: TOLE_MACHINE
astest/zzzz118d.com1:W2005: Unrecommended keyword in a command file at 366,20: TOLE_MACHINE
astest/zzzz118d.com1:W2005: Unrecommended keyword in a command file at 374,20: TOLE_MACHINE
astest/zzzz118d.com1:W2005: Unrecommended keyword in a command file at 382,20: TOLE_MACHINE
astest/zzzz118d.com1:W2005: Unrecommended keyword in a command file at 390,20: TOLE_MACHINE
astest/zzzz118d.com1:W2005: Unrecommended keyword in a command file at 398,20: TOLE_MACHINE
astest/zzzz118d.com1:W2005: Unrecommended keyword in a command file at 406,20: TOLE_MACHINE
astest/zzzz118d.com1:W2005: Unrecommended keyword in a command file at 414,20: TOLE_MACHINE
astest/zzzz118d.com1:W2005: Unrecommended keyword in a command file at 422,20: TOLE_MACHINE
astest/zzzz118d.com1:W2005: Unrecommended keyword in a command file at 430,20: TOLE_MACHINE
astest/zzzz118d.com1:W2005: Unrecommended keyword in a command file at 438,20: TOLE_MACHINE
astest/zzzz118d.com1:W2005: Unrecommended keyword in a command file at 446,20: TOLE_MACHINE
astest/zzzz118d.com1:W2005: Unrecommended keyword in a command file at 454,20: TOLE_MACHINE
astest/zzzz118d.com1:W2005: Unrecommended keyword in a command file at 462,20: TOLE_MACHINE
astest/zzzz118d.com1:W2005: Unrecommended keyword in a command file at 470,20: TOLE_MACHINE
astest/zzzz118d.com1:W2005: Unrecommended keyword in a command file at 478,20: TOLE_MACHINE
astest/zzzz118d.com1:W2005: Unrecommended keyword in a command file at 486,20: TOLE_MACHINE
astest/zzzz118d.com1:W2005: Unrecommended keyword in a command file at 494,20: TOLE_MACHINE
astest/zzzz118d.com1:W2005: Unrecommended keyword in a command file at 502,20: TOLE_MACHINE
astest/zzzz118d.com1:W2005: Unrecommended keyword in a command file at 510,20: TOLE_MACHINE
astest/zzzz118d.com1:W2005: Unrecommended keyword in a command file at 518,20: TOLE_MACHINE
astest/zzzz118d.com1:W2005: Unrecommended keyword in a command file at 526,20: TOLE_MACHINE
astest/zzzz118d.com1:W2005: Unrecommended keyword in a command file at 534,20: TOLE_MACHINE
astest/zzzz118d.com1:W2005: Unrecommended keyword in a command file at 542,20: TOLE_MACHINE
astest/zzzz118d.com1:W2005: Unrecommended keyword in a command file at 550,20: TOLE_MACHINE
astest/zzzz118d.com1:W2005: Unrecommended keyword in a command file at 558,20: TOLE_MACHINE
astest/zzzz118d.com1:W2005: Unrecommended keyword in a command file at 566,20: TOLE_MACHINE
astest/zzzz118d.com1:W2005: Unrecommended keyword in a command file at 574,20: TOLE_MACHINE
astest/zzzz118d.com1:W2005: Unrecommended keyword in a command file at 582,20: TOLE_MACHINE
astest/zzzz118d.com1:W2005: Unrecommended keyword in a command file at 590,20: TOLE_MACHINE
astest/zzzz118d.com1:W2005: Unrecommended keyword in a command file at 598,20: TOLE_MACHINE
astest/zzzz118d.com1:W2005: Unrecommended keyword in a command file at 606,20: TOLE_MACHINE
astest/zzzz118d.com1:W2005: Unrecommended keyword in a command file at 614,20: TOLE_MACHINE
astest/zzzz118d.com1:W2005: Unrecommended keyword in a command file at 622,20: TOLE_MACHINE
astest/zzzz118d.com1:W2005: Unrecommended keyword in a command file at 630,20: TOLE_MACHINE
astest/zzzz118d.com1:W2005: Unrecommended keyword in a command file at 638,20: TOLE_MACHINE
astest/zzzz118d.com1:W2005: Unrecommended keyword in a command file at 646,20: TOLE_MACHINE
astest/zzzz118d.com1:W2005: Unrecommended keyword in a command file at 654,20: TOLE_MACHINE
astest/zzzz118d.com1:W2005: Unrecommended keyword in a command file at 662,20: TOLE_MACHINE
astest/zzzz118d.com1:W2005: Unrecommended keyword in a command file at 670,20: TOLE_MACHINE
astest/zzzz118d.com1:W2005: Unrecommended keyword in a command file at 678,20: TOLE_MACHINE
astest/zzzz118d.com1:W2005: Unrecommended keyword in a command file at 686,20: TOLE_MACHINE
astest/zzzz118d.com1:W2005: Unrecommended keyword in a command file at 694,20: TOLE_MACHINE
astest/zzzz118d.com1:W2005: Unrecommended keyword in a command file at 702,20: TOLE_MACHINE
astest/zzzz118d.com1:W2005: Unrecommended keyword in a command file at 710,20: TOLE_MACHINE
astest/zzzz118d.com1:W2005: Unrecommended keyword in a command file at 718,20: TOLE_MACHINE
astest/zzzz118d.com1:W2005: Unrecommended keyword in a command file at 726,20: TOLE_MACHINE
astest/zzzz118d.comm:W2012: Invalid value assigned to a keyword in a command file: NIV_PUB_WEB='INTRANET'
astest/zzzz120a.comm:W2005: Unrecommended keyword in a command file at 591,12: TOLE_MACHINE
astest/zzzz120a.comm:W2005: Unrecommended keyword in a command file at 603,12: TOLE_MACHINE
astest/zzzz120a.comm:W2005: Unrecommended keyword in a command file at 615,12: TOLE_MACHINE
astest/zzzz120a.comm:W2005: Unrecommended keyword in a command file at 627,12: TOLE_MACHINE
astest/zzzz120a.comm:W2005: Unrecommended keyword in a command file at 639,12: TOLE_MACHINE
astest/zzzz120a.comm:W2005: Unrecommended keyword in a command file at 651,12: TOLE_MACHINE
astest/zzzz120a.comm:W2005: Unrecommended keyword in a command file at 663,12: TOLE_MACHINE
astest/zzzz120a.comm:W2005: Unrecommended keyword in a command file at 675,12: TOLE_MACHINE
astest/zzzz120a.comm:W2005: Unrecommended keyword in a command file at 689,12: TOLE_MACHINE
astest/zzzz120a.comm:W2005: Unrecommended keyword in a command file at 701,12: TOLE_MACHINE
astest/zzzz120a.comm:W2005: Unrecommended keyword in a command file at 713,12: TOLE_MACHINE
astest/zzzz120a.comm:W2005: Unrecommended keyword in a command file at 725,12: TOLE_MACHINE
astest/zzzz120a.comm:W2005: Unrecommended keyword in a command file at 737,12: TOLE_MACHINE
astest/zzzz120a.comm:W2005: Unrecommended keyword in a command file at 749,12: TOLE_MACHINE
astest/zzzz120a.comm:W2005: Unrecommended keyword in a command file at 761,12: TOLE_MACHINE
astest/zzzz120a.comm:W2005: Unrecommended keyword in a command file at 773,12: TOLE_MACHINE
astest/zzzz120a.comm:W2012: Invalid value assigned to a keyword in a command file: NIV_PUB_WEB='INTRANET'
astest/zzzz120b.comm:W2005: Unrecommended keyword in a command file at 572,12: TOLE_MACHINE
astest/zzzz120b.comm:W2005: Unrecommended keyword in a command file at 584,12: TOLE_MACHINE
astest/zzzz120b.comm:W2005: Unrecommended keyword in a command file at 596,12: TOLE_MACHINE
astest/zzzz120b.comm:W2005: Unrecommended keyword in a command file at 608,12: TOLE_MACHINE
astest/zzzz120b.comm:W2005: Unrecommended keyword in a command file at 620,12: TOLE_MACHINE
astest/zzzz120b.comm:W2005: Unrecommended keyword in a command file at 632,12: TOLE_MACHINE
astest/zzzz120b.comm:W2005: Unrecommended keyword in a command file at 644,12: TOLE_MACHINE
astest/zzzz120b.comm:W2005: Unrecommended keyword in a command file at 656,12: TOLE_MACHINE
astest/zzzz120b.comm:W2005: Unrecommended keyword in a command file at 670,12: TOLE_MACHINE
astest/zzzz120b.comm:W2005: Unrecommended keyword in a command file at 682,12: TOLE_MACHINE
astest/zzzz120b.comm:W2005: Unrecommended keyword in a command file at 694,12: TOLE_MACHINE
astest/zzzz120b.comm:W2005: Unrecommended keyword in a command file at 706,12: TOLE_MACHINE
astest/zzzz120b.comm:W2005: Unrecommended keyword in a command file at 718,12: TOLE_MACHINE
astest/zzzz120b.comm:W2005: Unrecommended keyword in a command file at 730,12: TOLE_MACHINE
astest/zzzz120b.comm:W2005: Unrecommended keyword in a command file at 742,12: TOLE_MACHINE
astest/zzzz120b.comm:W2005: Unrecommended keyword in a command file at 754,12: TOLE_MACHINE
astest/zzzz120b.comm:W2012: Invalid value assigned to a keyword in a command file: NIV_PUB_WEB='INTRANET'
submit.log:W9001: Change not authorized on this file
résumé du rapport:
INFO    I8801:     5 Person in charge
WARNING W2005:   209 Unrecommended keyword in a command file
WARNING W2012:    28 Invalid value assigned to a keyword in a command file
WARNING W9001:     1 Change not authorized on this file
WARNING résumé: 0 erreurs, 238 alarmes dans 108 fichiers/répertoires

WARNING des alarmes ont été émises pendant la vérification, essayez d'en corriger la plupart avant de continuer

construction des dépendances des cas-tests
construction de la liste des cas-tests
lancement des cas-tests
répertoire des résultats des cas-tests: /tmp/test_g25KIC/results
attente de la fin des 624 cas-tests
la sortie est bufferisée dans /tmp/test_g25KIC/output

Les 15 tests les plus longs sont:
sdlv128a     <A>_ALARM                  61.11       5.15      66.26
ssnv212a     <A>_ALARM                  63.29       1.18      64.47
fdlv112a     <A>_ALARM                  61.74       2.35      64.09
comp012a     <A>_ALARM                  37.44       0.84      38.28
ssnv213a     <A>_ALARM                  34.93       0.86      35.79
ssnv215a     <A>_ALARM                  30.39       0.95      31.34
cente01a     <A>_ALARM                  28.44       2.17      30.61
sdls114a     <A>_ALARM                  27.19       1.94      29.13
ssns106c     OK                         24.02       1.05      25.07
ssnv185g     <A>_ALARM                  23.03       0.93      23.96
sdls114b     OK                         23.00       0.85      23.85
sslp114a     <A>_ALARM                  22.47       1.09      23.56
mfron02c     <A>_ALARM                  17.46       2.11      19.57
sdls114d     OK                         18.09       0.91      19.00
zzzz354g     <A>_ALARM                  17.11       1.15      18.26

résultats du lancement des cas-tests
ssnv190a     <F>_ERROR                   0.59       0.16       0.75
------------ --------------------- ---------- ---------- 
 624 tests      1 errors              2214.20     344.04    2558.24
ERROR        1 cas-tests échoués
ERROR   as_run terminé avec le code 4
ERROR   la sortie détaillée et les résultats de l'exécution des cas-tests peuvent être trouvé dans: /tmp/test_g25KIC

WARNING Votre requête devrait être refusée, mais si vous pensez qu'elle sera acceptée quand même, vous pouvez continuer.
ERROR   soumission annulée
log content written to: /home/B87457/dev/codeaster/src/submit.log
